3-D Truss analysis
Input file: design1.inp
Date: 02-Nov-2014 15:23:33
--------------------------------------------------------------

Joints:         Joint-id  x-coordinate y-coordinate z-coordinate
                1        -0.10         0.10         0.00
                2         0.30         0.00         0.00
                3         0.28         0.17         0.23
                4         0.42         0.20         0.00
                5         0.56         0.10         0.30
                6         0.65         0.00         0.00
                7         0.89         0.03         0.30
                8         0.85         0.20         0.00
                9         1.20         0.11         0.23
               10         1.05         0.00         0.00
               11         1.18         0.20         0.00
               12         1.60         0.00         0.00
               13         1.60         0.20         0.00
               14         0.28         0.03         0.23
               15         0.89         0.17         0.30


External loads: Joint-id  Force-x      Force-y      Force-z
                0         0.00         0.00         0.00

Bars:           Bar-id    Joint-i      Joint-j     Force    (T,C)
                1         1            2           2.315     (T)
                2         1            3           2.877     (C)
                3         1            4           2.938     (T)
                4        14            3           1.279     (T)
                5         2            4           0.620     (C)
                6        14            6           0.222     (T)
                7         3            4           0.536     (T)
                8         3            5           2.962     (C)
                9         4            5           0.225     (T)
               10         4            6           0.193     (C)
               11         4            8           2.910     (T)
               12         5            6           0.348     (T)
               13         5            7           2.787     (C)
               14         5            8           0.161     (T)
               15         6            2           2.617     (T)
               16         6            7           0.379     (T)
               17         6            8           0.072     (C)
               18        15            7           1.260     (T)
               19         8            9           0.187     (C)
               20         8           10           0.157     (C)
               21         8           11           3.160     (T)
               22         7           10           0.067     (T)
               23         7            9           2.663     (C)
               24        10            9           0.592     (T)
               25        10            6           2.566     (T)
               26        10           11           0.193     (C)
               27        10           12           2.287     (T)
               28         9           11           0.464     (T)
               29         9           12           2.827     (C)
               30         9           13           3.350     (C)
               31        12           11           0.130     (T)
               32        12           13           0.625     (T)
               33        13           11           2.889     (T)
               34        14            5           3.059     (C)
               35        14            1           3.190     (C)
               36        14            2           0.338     (T)
               37        15            9           3.163     (C)
               38        15            5           3.117     (C)
               39        15            8           0.579     (T)

Reactions:      Joint-id  Uvec-x       Uvec-y       Uvec-z      Force
                1         0.00         1.00         0.00       -0.000
                1         0.00         0.00         1.00        3.478
               13         0.00         0.00         1.00        1.922
               13        -0.71         0.71         0.00        0.000
               12        -0.71        -0.71         0.00        0.000
               12         0.00         0.00         1.00        1.775
