3-D Truss analysis
Input file: design2.inp
Date: 02-Nov-2014 15:31:58
--------------------------------------------------------------

Joints:         Joint-id  x-coordinate y-coordinate z-coordinate
                1         0.00         0.00         0.00
                2         0.00         0.15         0.00
                3         0.11         0.07         0.15
                4         0.13         0.00         0.00
                5         0.13         0.15         0.00
                6         0.36         0.07         0.15
                7         0.27         0.00         0.00
                8         0.27         0.15         0.00
                9         0.40         0.07         0.00


External loads: Joint-id  Force-x      Force-y      Force-z
                4         0.00         0.00        -0.00

Bars:           Bar-id    Joint-i      Joint-j     Force    (T,C)
                1         1            2           0.205     (T)
                2         1            3           0.585     (C)
                3         1            4           0.328     (T)
                4         2            3           0.633     (C)
                5         2            4           0.088     (T)
                6         2            5           0.283     (T)
                7         3            4           0.380     (T)
                8         3            5           0.237     (T)
                9         3            6           0.705     (C)
               10         3            7           0.270     (C)
               11         3            8           0.177     (T)
               12         4            5           0.135     (C)
               13         4            7           0.522     (T)
               14         4            8           0.107     (C)
               15         5            8           0.316     (T)
               16         6            7           0.607     (T)
               17         6            8           0.338     (T)
               18         6            9           1.036     (C)
               19         7            8           0.208     (C)
               20         7            9           0.050     (T)
               21         8            9           0.213     (T)

Reactions:      Joint-id  Uvec-x       Uvec-y       Uvec-z      Force
                1         0.00         0.00         1.00        0.666
                1         0.71         0.71         0.00        0.000
                2         0.71        -0.71         0.00       -0.000
                2         0.00         0.00         1.00        0.746
                9         0.00         1.00         0.00       -0.000
                9         0.00         0.00         1.00        1.206
